<?xml version="1.0" encoding="UTF-8" standalone="no"?>
<testsuite failures="0" name="cucumber.runtime.formatter.JUnitFormatter" skipped="0" tests="2" time="66.976361">
<testcase classname="filpkat home page" name="Login to filpkat" time="35.023602">
<system-out><![CDATA[Given close the popup.......................................................passed
When login to filpkat.......................................................passed
And capture the all mobile brand name.......................................passed
Then search particular brand................................................passed
]]></system-out>
</testcase>
<testcase classname="filpkat home page" name="get the current deal time" time="31.952759">
<system-out><![CDATA[Given close the popup.......................................................passed
When login to filpkat.......................................................passed
And capture the deal time from application..................................passed
]]></system-out>
</testcase>
</testsuite>
